Terminals unused in grammar

    INPUT
    CLEAR
    TYPEOF
    RANDINT
    COMMA
    UNKNOWN


Grammar

    0 $accept: program $end

    1 program: program statement
    2        | ε

    3 statement: declaration end
    4          | print_stmt end
    5          | if_stmt
    6          | repeat_stmt
    7          | return_stmt end
    8          | BREAK end
    9          | CONTINUE end

   10 declaration: type IDENTIFIER ASSIGN expression

   11 type: INT
   12     | FLOAT
   13     | STRING
   14     | BOOL

   15 print_stmt: PRINT LPAREN expression RPAREN

   16 if_stmt: IF LPAREN expression RPAREN block
   17        | IF LPAREN expression RPAREN block ELSE block

   18 repeat_stmt: REPEAT LPAREN expression RPAREN block

   19 return_stmt: RETURN expression

   20 block: LBRACE program RBRACE

   21 expression: INTEGER_LITERAL
   22           | FLOAT_LITERAL
   23           | STRING_LITERAL
   24           | CHAR_LITERAL
   25           | TRUE
   26           | FALSE
   27           | IDENTIFIER
   28           | expression PLUS expression
   29           | expression MINUS expression
   30           | expression STAR expression
   31           | expression SLASH expression
   32           | LPAREN expression RPAREN
   33           | expression EQ expression
   34           | expression NEQ expression
   35           | expression LT expression
   36           | expression GT expression
   37           | expression LEQ expression
   38           | expression GEQ expression
   39           | expression AND expression
   40           | expression OR expression
   41           | NOT expression

   42 end: SEMICOLON
   43    | NEWLINE


Terminals, with rules where they appear

    $end (0) 0
    error (256)
    INTEGER_LITERAL <ival> (258) 21
    FLOAT_LITERAL <fval> (259) 22
    STRING_LITERAL <sval> (260) 23
    IDENTIFIER <sval> (261) 10 27
    CHAR_LITERAL <cval> (262) 24
    TRUE <bval> (263) 25
    FALSE <bval> (264) 26
    INT (265) 11
    FLOAT (266) 12
    STRING (267) 13
    BOOL (268) 14
    PRINT (269) 15
    INPUT (270)
    CLEAR (271)
    TYPEOF (272)
    RANDINT (273)
    IF (274) 16 17
    ELSE (275) 17
    REPEAT (276) 18
    RETURN (277) 19
    BREAK (278) 8
    CONTINUE (279) 9
    PLUS (280) 28
    MINUS (281) 29
    STAR (282) 30
    SLASH (283) 31
    ASSIGN (284) 10
    EQ (285) 33
    NEQ (286) 34
    LEQ (287) 37
    GEQ (288) 38
    LT (289) 35
    GT (290) 36
    LPAREN (291) 15 16 17 18 32
    RPAREN (292) 15 16 17 18 32
    LBRACE (293) 20
    RBRACE (294) 20
    SEMICOLON (295) 42
    COMMA (296)
    AND (297) 39
    OR (298) 40
    NOT (299) 41
    NEWLINE (300) 43
    UNKNOWN (301)


Nonterminals, with rules where they appear

    $accept (47)
        on left: 0
    program (48)
        on left: 1 2
        on right: 0 1 20
    statement <node> (49)
        on left: 3 4 5 6 7 8 9
        on right: 1
    declaration <node> (50)
        on left: 10
        on right: 3
    type <sval> (51)
        on left: 11 12 13 14
        on right: 10
    print_stmt <node> (52)
        on left: 15
        on right: 4
    if_stmt <node> (53)
        on left: 16 17
        on right: 5
    repeat_stmt <node> (54)
        on left: 18
        on right: 6
    return_stmt <node> (55)
        on left: 19
        on right: 7
    block <block> (56)
        on left: 20
        on right: 16 17 18
    expression <node> (57)
        on left: 21 22 23 24 25 26 27 28 29 30 31 32 33 34 35 36 37 38 39 40 41
        on right: 10 15 16 17 18 19 28 29 30 31 32 33 34 35 36 37 38 39 40 41
    end (58)
        on left: 42 43
        on right: 3 4 7 8 9


State 0

    0 $accept: • program $end

    $default  reduce using rule 2 (program)

    program  go to state 1


State 1

    0 $accept: program • $end
    1 program: program • statement

    $end      shift, and go to state 2
    INT       shift, and go to state 3
    FLOAT     shift, and go to state 4
    STRING    shift, and go to state 5
    BOOL      shift, and go to state 6
    PRINT     shift, and go to state 7
    IF        shift, and go to state 8
    REPEAT    shift, and go to state 9
    RETURN    shift, and go to state 10
    BREAK     shift, and go to state 11
    CONTINUE  shift, and go to state 12

    statement    go to state 13
    declaration  go to state 14
    type         go to state 15
    print_stmt   go to state 16
    if_stmt      go to state 17
    repeat_stmt  go to state 18
    return_stmt  go to state 19


State 2

    0 $accept: program $end •

    $default  accept


State 3

   11 type: INT •

    $default  reduce using rule 11 (type)


State 4

   12 type: FLOAT •

    $default  reduce using rule 12 (type)


State 5

   13 type: STRING •

    $default  reduce using rule 13 (type)


State 6

   14 type: BOOL •

    $default  reduce using rule 14 (type)


State 7

   15 print_stmt: PRINT • LPAREN expression RPAREN

    LPAREN  shift, and go to state 20


State 8

   16 if_stmt: IF • LPAREN expression RPAREN block
   17        | IF • LPAREN expression RPAREN block ELSE block

    LPAREN  shift, and go to state 21


State 9

   18 repeat_stmt: REPEAT • LPAREN expression RPAREN block

    LPAREN  shift, and go to state 22


State 10

   19 return_stmt: RETURN • expression

    INTEGER_LITERAL  shift, and go to state 23
    FLOAT_LITERAL    shift, and go to state 24
    STRING_LITERAL   shift, and go to state 25
    IDENTIFIER       shift, and go to state 26
    CHAR_LITERAL     shift, and go to state 27
    TRUE             shift, and go to state 28
    FALSE            shift, and go to state 29
    LPAREN           shift, and go to state 30
    NOT              shift, and go to state 31

    expression  go to state 32


State 11

    8 statement: BREAK • end

    SEMICOLON  shift, and go to state 33
    NEWLINE    shift, and go to state 34

    end  go to state 35


State 12

    9 statement: CONTINUE • end

    SEMICOLON  shift, and go to state 33
    NEWLINE    shift, and go to state 34

    end  go to state 36


State 13

    1 program: program statement •

    $default  reduce using rule 1 (program)


State 14

    3 statement: declaration • end

    SEMICOLON  shift, and go to state 33
    NEWLINE    shift, and go to state 34

    end  go to state 37


State 15

   10 declaration: type • IDENTIFIER ASSIGN expression

    IDENTIFIER  shift, and go to state 38


State 16

    4 statement: print_stmt • end

    SEMICOLON  shift, and go to state 33
    NEWLINE    shift, and go to state 34

    end  go to state 39


State 17

    5 statement: if_stmt •

    $default  reduce using rule 5 (statement)


State 18

    6 statement: repeat_stmt •

    $default  reduce using rule 6 (statement)


State 19

    7 statement: return_stmt • end

    SEMICOLON  shift, and go to state 33
    NEWLINE    shift, and go to state 34

    end  go to state 40


State 20

   15 print_stmt: PRINT LPAREN • expression RPAREN

    INTEGER_LITERAL  shift, and go to state 23
    FLOAT_LITERAL    shift, and go to state 24
    STRING_LITERAL   shift, and go to state 25
    IDENTIFIER       shift, and go to state 26
    CHAR_LITERAL     shift, and go to state 27
    TRUE             shift, and go to state 28
    FALSE            shift, and go to state 29
    LPAREN           shift, and go to state 30
    NOT              shift, and go to state 31

    expression  go to state 41


State 21

   16 if_stmt: IF LPAREN • expression RPAREN block
   17        | IF LPAREN • expression RPAREN block ELSE block

    INTEGER_LITERAL  shift, and go to state 23
    FLOAT_LITERAL    shift, and go to state 24
    STRING_LITERAL   shift, and go to state 25
    IDENTIFIER       shift, and go to state 26
    CHAR_LITERAL     shift, and go to state 27
    TRUE             shift, and go to state 28
    FALSE            shift, and go to state 29
    LPAREN           shift, and go to state 30
    NOT              shift, and go to state 31

    expression  go to state 42


State 22

   18 repeat_stmt: REPEAT LPAREN • expression RPAREN block

    INTEGER_LITERAL  shift, and go to state 23
    FLOAT_LITERAL    shift, and go to state 24
    STRING_LITERAL   shift, and go to state 25
    IDENTIFIER       shift, and go to state 26
    CHAR_LITERAL     shift, and go to state 27
    TRUE             shift, and go to state 28
    FALSE            shift, and go to state 29
    LPAREN           shift, and go to state 30
    NOT              shift, and go to state 31

    expression  go to state 43


State 23

   21 expression: INTEGER_LITERAL •

    $default  reduce using rule 21 (expression)


State 24

   22 expression: FLOAT_LITERAL •

    $default  reduce using rule 22 (expression)


State 25

   23 expression: STRING_LITERAL •

    $default  reduce using rule 23 (expression)


State 26

   27 expression: IDENTIFIER •

    $default  reduce using rule 27 (expression)


State 27

   24 expression: CHAR_LITERAL •

    $default  reduce using rule 24 (expression)


State 28

   25 expression: TRUE •

    $default  reduce using rule 25 (expression)


State 29

   26 expression: FALSE •

    $default  reduce using rule 26 (expression)


State 30

   32 expression: LPAREN • expression RPAREN

    INTEGER_LITERAL  shift, and go to state 23
    FLOAT_LITERAL    shift, and go to state 24
    STRING_LITERAL   shift, and go to state 25
    IDENTIFIER       shift, and go to state 26
    CHAR_LITERAL     shift, and go to state 27
    TRUE             shift, and go to state 28
    FALSE            shift, and go to state 29
    LPAREN           shift, and go to state 30
    NOT              shift, and go to state 31

    expression  go to state 44


State 31

   41 expression: NOT • expression

    INTEGER_LITERAL  shift, and go to state 23
    FLOAT_LITERAL    shift, and go to state 24
    STRING_LITERAL   shift, and go to state 25
    IDENTIFIER       shift, and go to state 26
    CHAR_LITERAL     shift, and go to state 27
    TRUE             shift, and go to state 28
    FALSE            shift, and go to state 29
    LPAREN           shift, and go to state 30
    NOT              shift, and go to state 31

    expression  go to state 45


State 32

   19 return_stmt: RETURN expression •
   28 expression: expression • PLUS expression
   29           | expression • MINUS expression
   30           | expression • STAR expression
   31           | expression • SLASH expression
   33           | expression • EQ expression
   34           | expression • NEQ expression
   35           | expression • LT expression
   36           | expression • GT expression
   37           | expression • LEQ expression
   38           | expression • GEQ expression
   39           | expression • AND expression
   40           | expression • OR expression

    PLUS   shift, and go to state 46
    MINUS  shift, and go to state 47
    STAR   shift, and go to state 48
    SLASH  shift, and go to state 49
    EQ     shift, and go to state 50
    NEQ    shift, and go to state 51
    LEQ    shift, and go to state 52
    GEQ    shift, and go to state 53
    LT     shift, and go to state 54
    GT     shift, and go to state 55
    AND    shift, and go to state 56
    OR     shift, and go to state 57

    $default  reduce using rule 19 (return_stmt)


State 33

   42 end: SEMICOLON •

    $default  reduce using rule 42 (end)


State 34

   43 end: NEWLINE •

    $default  reduce using rule 43 (end)


State 35

    8 statement: BREAK end •

    $default  reduce using rule 8 (statement)


State 36

    9 statement: CONTINUE end •

    $default  reduce using rule 9 (statement)


State 37

    3 statement: declaration end •

    $default  reduce using rule 3 (statement)


State 38

   10 declaration: type IDENTIFIER • ASSIGN expression

    ASSIGN  shift, and go to state 58


State 39

    4 statement: print_stmt end •

    $default  reduce using rule 4 (statement)


State 40

    7 statement: return_stmt end •

    $default  reduce using rule 7 (statement)


State 41

   15 print_stmt: PRINT LPAREN expression • RPAREN
   28 expression: expression • PLUS expression
   29           | expression • MINUS expression
   30           | expression • STAR expression
   31           | expression • SLASH expression
   33           | expression • EQ expression
   34           | expression • NEQ expression
   35           | expression • LT expression
   36           | expression • GT expression
   37           | expression • LEQ expression
   38           | expression • GEQ expression
   39           | expression • AND expression
   40           | expression • OR expression

    PLUS    shift, and go to state 46
    MINUS   shift, and go to state 47
    STAR    shift, and go to state 48
    SLASH   shift, and go to state 49
    EQ      shift, and go to state 50
    NEQ     shift, and go to state 51
    LEQ     shift, and go to state 52
    GEQ     shift, and go to state 53
    LT      shift, and go to state 54
    GT      shift, and go to state 55
    RPAREN  shift, and go to state 59
    AND     shift, and go to state 56
    OR      shift, and go to state 57


State 42

   16 if_stmt: IF LPAREN expression • RPAREN block
   17        | IF LPAREN expression • RPAREN block ELSE block
   28 expression: expression • PLUS expression
   29           | expression • MINUS expression
   30           | expression • STAR expression
   31           | expression • SLASH expression
   33           | expression • EQ expression
   34           | expression • NEQ expression
   35           | expression • LT expression
   36           | expression • GT expression
   37           | expression • LEQ expression
   38           | expression • GEQ expression
   39           | expression • AND expression
   40           | expression • OR expression

    PLUS    shift, and go to state 46
    MINUS   shift, and go to state 47
    STAR    shift, and go to state 48
    SLASH   shift, and go to state 49
    EQ      shift, and go to state 50
    NEQ     shift, and go to state 51
    LEQ     shift, and go to state 52
    GEQ     shift, and go to state 53
    LT      shift, and go to state 54
    GT      shift, and go to state 55
    RPAREN  shift, and go to state 60
    AND     shift, and go to state 56
    OR      shift, and go to state 57


State 43

   18 repeat_stmt: REPEAT LPAREN expression • RPAREN block
   28 expression: expression • PLUS expression
   29           | expression • MINUS expression
   30           | expression • STAR expression
   31           | expression • SLASH expression
   33           | expression • EQ expression
   34           | expression • NEQ expression
   35           | expression • LT expression
   36           | expression • GT expression
   37           | expression • LEQ expression
   38           | expression • GEQ expression
   39           | expression • AND expression
   40           | expression • OR expression

    PLUS    shift, and go to state 46
    MINUS   shift, and go to state 47
    STAR    shift, and go to state 48
    SLASH   shift, and go to state 49
    EQ      shift, and go to state 50
    NEQ     shift, and go to state 51
    LEQ     shift, and go to state 52
    GEQ     shift, and go to state 53
    LT      shift, and go to state 54
    GT      shift, and go to state 55
    RPAREN  shift, and go to state 61
    AND     shift, and go to state 56
    OR      shift, and go to state 57


State 44

   28 expression: expression • PLUS expression
   29           | expression • MINUS expression
   30           | expression • STAR expression
   31           | expression • SLASH expression
   32           | LPAREN expression • RPAREN
   33           | expression • EQ expression
   34           | expression • NEQ expression
   35           | expression • LT expression
   36           | expression • GT expression
   37           | expression • LEQ expression
   38           | expression • GEQ expression
   39           | expression • AND expression
   40           | expression • OR expression

    PLUS    shift, and go to state 46
    MINUS   shift, and go to state 47
    STAR    shift, and go to state 48
    SLASH   shift, and go to state 49
    EQ      shift, and go to state 50
    NEQ     shift, and go to state 51
    LEQ     shift, and go to state 52
    GEQ     shift, and go to state 53
    LT      shift, and go to state 54
    GT      shift, and go to state 55
    RPAREN  shift, and go to state 62
    AND     shift, and go to state 56
    OR      shift, and go to state 57


State 45

   28 expression: expression • PLUS expression
   29           | expression • MINUS expression
   30           | expression • STAR expression
   31           | expression • SLASH expression
   33           | expression • EQ expression
   34           | expression • NEQ expression
   35           | expression • LT expression
   36           | expression • GT expression
   37           | expression • LEQ expression
   38           | expression • GEQ expression
   39           | expression • AND expression
   40           | expression • OR expression
   41           | NOT expression •

    EQ   shift, and go to state 50
    NEQ  shift, and go to state 51
    LEQ  shift, and go to state 52
    GEQ  shift, and go to state 53
    LT   shift, and go to state 54
    GT   shift, and go to state 55

    $default  reduce using rule 41 (expression)


State 46

   28 expression: expression PLUS • expression

    INTEGER_LITERAL  shift, and go to state 23
    FLOAT_LITERAL    shift, and go to state 24
    STRING_LITERAL   shift, and go to state 25
    IDENTIFIER       shift, and go to state 26
    CHAR_LITERAL     shift, and go to state 27
    TRUE             shift, and go to state 28
    FALSE            shift, and go to state 29
    LPAREN           shift, and go to state 30
    NOT              shift, and go to state 31

    expression  go to state 63


State 47

   29 expression: expression MINUS • expression

    INTEGER_LITERAL  shift, and go to state 23
    FLOAT_LITERAL    shift, and go to state 24
    STRING_LITERAL   shift, and go to state 25
    IDENTIFIER       shift, and go to state 26
    CHAR_LITERAL     shift, and go to state 27
    TRUE             shift, and go to state 28
    FALSE            shift, and go to state 29
    LPAREN           shift, and go to state 30
    NOT              shift, and go to state 31

    expression  go to state 64


State 48

   30 expression: expression STAR • expression

    INTEGER_LITERAL  shift, and go to state 23
    FLOAT_LITERAL    shift, and go to state 24
    STRING_LITERAL   shift, and go to state 25
    IDENTIFIER       shift, and go to state 26
    CHAR_LITERAL     shift, and go to state 27
    TRUE             shift, and go to state 28
    FALSE            shift, and go to state 29
    LPAREN           shift, and go to state 30
    NOT              shift, and go to state 31

    expression  go to state 65


State 49

   31 expression: expression SLASH • expression

    INTEGER_LITERAL  shift, and go to state 23
    FLOAT_LITERAL    shift, and go to state 24
    STRING_LITERAL   shift, and go to state 25
    IDENTIFIER       shift, and go to state 26
    CHAR_LITERAL     shift, and go to state 27
    TRUE             shift, and go to state 28
    FALSE            shift, and go to state 29
    LPAREN           shift, and go to state 30
    NOT              shift, and go to state 31

    expression  go to state 66


State 50

   33 expression: expression EQ • expression

    INTEGER_LITERAL  shift, and go to state 23
    FLOAT_LITERAL    shift, and go to state 24
    STRING_LITERAL   shift, and go to state 25
    IDENTIFIER       shift, and go to state 26
    CHAR_LITERAL     shift, and go to state 27
    TRUE             shift, and go to state 28
    FALSE            shift, and go to state 29
    LPAREN           shift, and go to state 30
    NOT              shift, and go to state 31

    expression  go to state 67


State 51

   34 expression: expression NEQ • expression

    INTEGER_LITERAL  shift, and go to state 23
    FLOAT_LITERAL    shift, and go to state 24
    STRING_LITERAL   shift, and go to state 25
    IDENTIFIER       shift, and go to state 26
    CHAR_LITERAL     shift, and go to state 27
    TRUE             shift, and go to state 28
    FALSE            shift, and go to state 29
    LPAREN           shift, and go to state 30
    NOT              shift, and go to state 31

    expression  go to state 68


State 52

   37 expression: expression LEQ • expression

    INTEGER_LITERAL  shift, and go to state 23
    FLOAT_LITERAL    shift, and go to state 24
    STRING_LITERAL   shift, and go to state 25
    IDENTIFIER       shift, and go to state 26
    CHAR_LITERAL     shift, and go to state 27
    TRUE             shift, and go to state 28
    FALSE            shift, and go to state 29
    LPAREN           shift, and go to state 30
    NOT              shift, and go to state 31

    expression  go to state 69


State 53

   38 expression: expression GEQ • expression

    INTEGER_LITERAL  shift, and go to state 23
    FLOAT_LITERAL    shift, and go to state 24
    STRING_LITERAL   shift, and go to state 25
    IDENTIFIER       shift, and go to state 26
    CHAR_LITERAL     shift, and go to state 27
    TRUE             shift, and go to state 28
    FALSE            shift, and go to state 29
    LPAREN           shift, and go to state 30
    NOT              shift, and go to state 31

    expression  go to state 70


State 54

   35 expression: expression LT • expression

    INTEGER_LITERAL  shift, and go to state 23
    FLOAT_LITERAL    shift, and go to state 24
    STRING_LITERAL   shift, and go to state 25
    IDENTIFIER       shift, and go to state 26
    CHAR_LITERAL     shift, and go to state 27
    TRUE             shift, and go to state 28
    FALSE            shift, and go to state 29
    LPAREN           shift, and go to state 30
    NOT              shift, and go to state 31

    expression  go to state 71


State 55

   36 expression: expression GT • expression

    INTEGER_LITERAL  shift, and go to state 23
    FLOAT_LITERAL    shift, and go to state 24
    STRING_LITERAL   shift, and go to state 25
    IDENTIFIER       shift, and go to state 26
    CHAR_LITERAL     shift, and go to state 27
    TRUE             shift, and go to state 28
    FALSE            shift, and go to state 29
    LPAREN           shift, and go to state 30
    NOT              shift, and go to state 31

    expression  go to state 72


State 56

   39 expression: expression AND • expression

    INTEGER_LITERAL  shift, and go to state 23
    FLOAT_LITERAL    shift, and go to state 24
    STRING_LITERAL   shift, and go to state 25
    IDENTIFIER       shift, and go to state 26
    CHAR_LITERAL     shift, and go to state 27
    TRUE             shift, and go to state 28
    FALSE            shift, and go to state 29
    LPAREN           shift, and go to state 30
    NOT              shift, and go to state 31

    expression  go to state 73


State 57

   40 expression: expression OR • expression

    INTEGER_LITERAL  shift, and go to state 23
    FLOAT_LITERAL    shift, and go to state 24
    STRING_LITERAL   shift, and go to state 25
    IDENTIFIER       shift, and go to state 26
    CHAR_LITERAL     shift, and go to state 27
    TRUE             shift, and go to state 28
    FALSE            shift, and go to state 29
    LPAREN           shift, and go to state 30
    NOT              shift, and go to state 31

    expression  go to state 74


State 58

   10 declaration: type IDENTIFIER ASSIGN • expression

    INTEGER_LITERAL  shift, and go to state 23
    FLOAT_LITERAL    shift, and go to state 24
    STRING_LITERAL   shift, and go to state 25
    IDENTIFIER       shift, and go to state 26
    CHAR_LITERAL     shift, and go to state 27
    TRUE             shift, and go to state 28
    FALSE            shift, and go to state 29
    LPAREN           shift, and go to state 30
    NOT              shift, and go to state 31

    expression  go to state 75


State 59

   15 print_stmt: PRINT LPAREN expression RPAREN •

    $default  reduce using rule 15 (print_stmt)


State 60

   16 if_stmt: IF LPAREN expression RPAREN • block
   17        | IF LPAREN expression RPAREN • block ELSE block

    LBRACE  shift, and go to state 76

    block  go to state 77


State 61

   18 repeat_stmt: REPEAT LPAREN expression RPAREN • block

    LBRACE  shift, and go to state 76

    block  go to state 78


State 62

   32 expression: LPAREN expression RPAREN •

    $default  reduce using rule 32 (expression)


State 63

   28 expression: expression • PLUS expression
   28           | expression PLUS expression •
   29           | expression • MINUS expression
   30           | expression • STAR expression
   31           | expression • SLASH expression
   33           | expression • EQ expression
   34           | expression • NEQ expression
   35           | expression • LT expression
   36           | expression • GT expression
   37           | expression • LEQ expression
   38           | expression • GEQ expression
   39           | expression • AND expression
   40           | expression • OR expression

    STAR   shift, and go to state 48
    SLASH  shift, and go to state 49
    EQ     shift, and go to state 50
    NEQ    shift, and go to state 51
    LEQ    shift, and go to state 52
    GEQ    shift, and go to state 53
    LT     shift, and go to state 54
    GT     shift, and go to state 55
    AND    shift, and go to state 56
    OR     shift, and go to state 57

    $default  reduce using rule 28 (expression)


State 64

   28 expression: expression • PLUS expression
   29           | expression • MINUS expression
   29           | expression MINUS expression •
   30           | expression • STAR expression
   31           | expression • SLASH expression
   33           | expression • EQ expression
   34           | expression • NEQ expression
   35           | expression • LT expression
   36           | expression • GT expression
   37           | expression • LEQ expression
   38           | expression • GEQ expression
   39           | expression • AND expression
   40           | expression • OR expression

    STAR   shift, and go to state 48
    SLASH  shift, and go to state 49
    EQ     shift, and go to state 50
    NEQ    shift, and go to state 51
    LEQ    shift, and go to state 52
    GEQ    shift, and go to state 53
    LT     shift, and go to state 54
    GT     shift, and go to state 55
    AND    shift, and go to state 56
    OR     shift, and go to state 57

    $default  reduce using rule 29 (expression)


State 65

   28 expression: expression • PLUS expression
   29           | expression • MINUS expression
   30           | expression • STAR expression
   30           | expression STAR expression •
   31           | expression • SLASH expression
   33           | expression • EQ expression
   34           | expression • NEQ expression
   35           | expression • LT expression
   36           | expression • GT expression
   37           | expression • LEQ expression
   38           | expression • GEQ expression
   39           | expression • AND expression
   40           | expression • OR expression

    EQ   shift, and go to state 50
    NEQ  shift, and go to state 51
    LEQ  shift, and go to state 52
    GEQ  shift, and go to state 53
    LT   shift, and go to state 54
    GT   shift, and go to state 55
    AND  shift, and go to state 56
    OR   shift, and go to state 57

    $default  reduce using rule 30 (expression)


State 66

   28 expression: expression • PLUS expression
   29           | expression • MINUS expression
   30           | expression • STAR expression
   31           | expression • SLASH expression
   31           | expression SLASH expression •
   33           | expression • EQ expression
   34           | expression • NEQ expression
   35           | expression • LT expression
   36           | expression • GT expression
   37           | expression • LEQ expression
   38           | expression • GEQ expression
   39           | expression • AND expression
   40           | expression • OR expression

    EQ   shift, and go to state 50
    NEQ  shift, and go to state 51
    LEQ  shift, and go to state 52
    GEQ  shift, and go to state 53
    LT   shift, and go to state 54
    GT   shift, and go to state 55
    AND  shift, and go to state 56
    OR   shift, and go to state 57

    $default  reduce using rule 31 (expression)


State 67

   28 expression: expression • PLUS expression
   29           | expression • MINUS expression
   30           | expression • STAR expression
   31           | expression • SLASH expression
   33           | expression • EQ expression
   33           | expression EQ expression •
   34           | expression • NEQ expression
   35           | expression • LT expression
   36           | expression • GT expression
   37           | expression • LEQ expression
   38           | expression • GEQ expression
   39           | expression • AND expression
   40           | expression • OR expression

    EQ   error (nonassociative)
    NEQ  error (nonassociative)
    LEQ  error (nonassociative)
    GEQ  error (nonassociative)
    LT   error (nonassociative)
    GT   error (nonassociative)

    $default  reduce using rule 33 (expression)


State 68

   28 expression: expression • PLUS expression
   29           | expression • MINUS expression
   30           | expression • STAR expression
   31           | expression • SLASH expression
   33           | expression • EQ expression
   34           | expression • NEQ expression
   34           | expression NEQ expression •
   35           | expression • LT expression
   36           | expression • GT expression
   37           | expression • LEQ expression
   38           | expression • GEQ expression
   39           | expression • AND expression
   40           | expression • OR expression

    EQ   error (nonassociative)
    NEQ  error (nonassociative)
    LEQ  error (nonassociative)
    GEQ  error (nonassociative)
    LT   error (nonassociative)
    GT   error (nonassociative)

    $default  reduce using rule 34 (expression)


State 69

   28 expression: expression • PLUS expression
   29           | expression • MINUS expression
   30           | expression • STAR expression
   31           | expression • SLASH expression
   33           | expression • EQ expression
   34           | expression • NEQ expression
   35           | expression • LT expression
   36           | expression • GT expression
   37           | expression • LEQ expression
   37           | expression LEQ expression •
   38           | expression • GEQ expression
   39           | expression • AND expression
   40           | expression • OR expression

    EQ   error (nonassociative)
    NEQ  error (nonassociative)
    LEQ  error (nonassociative)
    GEQ  error (nonassociative)
    LT   error (nonassociative)
    GT   error (nonassociative)

    $default  reduce using rule 37 (expression)


State 70

   28 expression: expression • PLUS expression
   29           | expression • MINUS expression
   30           | expression • STAR expression
   31           | expression • SLASH expression
   33           | expression • EQ expression
   34           | expression • NEQ expression
   35           | expression • LT expression
   36           | expression • GT expression
   37           | expression • LEQ expression
   38           | expression • GEQ expression
   38           | expression GEQ expression •
   39           | expression • AND expression
   40           | expression • OR expression

    EQ   error (nonassociative)
    NEQ  error (nonassociative)
    LEQ  error (nonassociative)
    GEQ  error (nonassociative)
    LT   error (nonassociative)
    GT   error (nonassociative)

    $default  reduce using rule 38 (expression)


State 71

   28 expression: expression • PLUS expression
   29           | expression • MINUS expression
   30           | expression • STAR expression
   31           | expression • SLASH expression
   33           | expression • EQ expression
   34           | expression • NEQ expression
   35           | expression • LT expression
   35           | expression LT expression •
   36           | expression • GT expression
   37           | expression • LEQ expression
   38           | expression • GEQ expression
   39           | expression • AND expression
   40           | expression • OR expression

    EQ   error (nonassociative)
    NEQ  error (nonassociative)
    LEQ  error (nonassociative)
    GEQ  error (nonassociative)
    LT   error (nonassociative)
    GT   error (nonassociative)

    $default  reduce using rule 35 (expression)


State 72

   28 expression: expression • PLUS expression
   29           | expression • MINUS expression
   30           | expression • STAR expression
   31           | expression • SLASH expression
   33           | expression • EQ expression
   34           | expression • NEQ expression
   35           | expression • LT expression
   36           | expression • GT expression
   36           | expression GT expression •
   37           | expression • LEQ expression
   38           | expression • GEQ expression
   39           | expression • AND expression
   40           | expression • OR expression

    EQ   error (nonassociative)
    NEQ  error (nonassociative)
    LEQ  error (nonassociative)
    GEQ  error (nonassociative)
    LT   error (nonassociative)
    GT   error (nonassociative)

    $default  reduce using rule 36 (expression)


State 73

   28 expression: expression • PLUS expression
   29           | expression • MINUS expression
   30           | expression • STAR expression
   31           | expression • SLASH expression
   33           | expression • EQ expression
   34           | expression • NEQ expression
   35           | expression • LT expression
   36           | expression • GT expression
   37           | expression • LEQ expression
   38           | expression • GEQ expression
   39           | expression • AND expression
   39           | expression AND expression •
   40           | expression • OR expression

    EQ   shift, and go to state 50
    NEQ  shift, and go to state 51
    LEQ  shift, and go to state 52
    GEQ  shift, and go to state 53
    LT   shift, and go to state 54
    GT   shift, and go to state 55

    $default  reduce using rule 39 (expression)


State 74

   28 expression: expression • PLUS expression
   29           | expression • MINUS expression
   30           | expression • STAR expression
   31           | expression • SLASH expression
   33           | expression • EQ expression
   34           | expression • NEQ expression
   35           | expression • LT expression
   36           | expression • GT expression
   37           | expression • LEQ expression
   38           | expression • GEQ expression
   39           | expression • AND expression
   40           | expression • OR expression
   40           | expression OR expression •

    EQ   shift, and go to state 50
    NEQ  shift, and go to state 51
    LEQ  shift, and go to state 52
    GEQ  shift, and go to state 53
    LT   shift, and go to state 54
    GT   shift, and go to state 55
    AND  shift, and go to state 56

    $default  reduce using rule 40 (expression)


State 75

   10 declaration: type IDENTIFIER ASSIGN expression •
   28 expression: expression • PLUS expression
   29           | expression • MINUS expression
   30           | expression • STAR expression
   31           | expression • SLASH expression
   33           | expression • EQ expression
   34           | expression • NEQ expression
   35           | expression • LT expression
   36           | expression • GT expression
   37           | expression • LEQ expression
   38           | expression • GEQ expression
   39           | expression • AND expression
   40           | expression • OR expression

    PLUS   shift, and go to state 46
    MINUS  shift, and go to state 47
    STAR   shift, and go to state 48
    SLASH  shift, and go to state 49
    EQ     shift, and go to state 50
    NEQ    shift, and go to state 51
    LEQ    shift, and go to state 52
    GEQ    shift, and go to state 53
    LT     shift, and go to state 54
    GT     shift, and go to state 55
    AND    shift, and go to state 56
    OR     shift, and go to state 57

    $default  reduce using rule 10 (declaration)


State 76

   20 block: LBRACE • program RBRACE

    $default  reduce using rule 2 (program)

    program  go to state 79


State 77

   16 if_stmt: IF LPAREN expression RPAREN block •
   17        | IF LPAREN expression RPAREN block • ELSE block

    ELSE  shift, and go to state 80

    $default  reduce using rule 16 (if_stmt)


State 78

   18 repeat_stmt: REPEAT LPAREN expression RPAREN block •

    $default  reduce using rule 18 (repeat_stmt)


State 79

    1 program: program • statement
   20 block: LBRACE program • RBRACE

    INT       shift, and go to state 3
    FLOAT     shift, and go to state 4
    STRING    shift, and go to state 5
    BOOL      shift, and go to state 6
    PRINT     shift, and go to state 7
    IF        shift, and go to state 8
    REPEAT    shift, and go to state 9
    RETURN    shift, and go to state 10
    BREAK     shift, and go to state 11
    CONTINUE  shift, and go to state 12
    RBRACE    shift, and go to state 81

    statement    go to state 13
    declaration  go to state 14
    type         go to state 15
    print_stmt   go to state 16
    if_stmt      go to state 17
    repeat_stmt  go to state 18
    return_stmt  go to state 19


State 80

   17 if_stmt: IF LPAREN expression RPAREN block ELSE • block

    LBRACE  shift, and go to state 76

    block  go to state 82


State 81

   20 block: LBRACE program RBRACE •

    $default  reduce using rule 20 (block)


State 82

   17 if_stmt: IF LPAREN expression RPAREN block ELSE block •

    $default  reduce using rule 17 (if_stmt)
